#
# A fatal error has been detected by the Java Runtime Environment:
#
#  EXCEPTION_ACCESS_VIOLATION (0xc0000005) at pc=0x0000000052e1a9d0, pid=6456, tid=0x00000000000044ec
#
# JRE version: Java(TM) SE Runtime Environment (8.0_221-b11) (build 1.8.0_221-b11)
# Java VM: Java HotSpot(TM) 64-Bit Server VM (25.221-b11 mixed mode windows-amd64 compressed oops)
# Problematic frame:
# V  [jvm.dll+0x12a9d0]
#
# Failed to write core dump. Minidumps are not enabled by default on client versions of Windows
#
# If you would like to submit a bug report, please visit:
#   http://bugreport.java.com/bugreport/crash.jsp
#

---------------  T H R E A D  ---------------

Current thread (0x0000000017842800):  JavaThread "Daemon worker" [_thread_in_vm, id=17644, stack(0x0000000019290000,0x0000000019390000)]

siginfo: ExceptionCode=0xc0000005, reading address 0x0000000000000008

Registers:
RAX=0x0000000019385180, RBX=0x0000000000000000, RCX=0x0000000000000000, RDX=0x0000000000000000
RSP=0x00000000193850a8, RBP=0x00000000193851b0, RSI=0x0000000019385180, RDI=0x0000000000000000
R8 =0x0000000019385f40, R9 =0x0000000019385818, R10=0x00000000034f2060, R11=0x0000000017842800
R12=0x0000000000000000, R13=0x0000000017842800, R14=0x0000000000000000, R15=0x0000000017842800
RIP=0x0000000052e1a9d0, EFLAGS=0x0000000000010206

Top of Stack: (sp=0x00000000193850a8)
0x00000000193850a8:   0000000052f1f30b 000000001cc98158
0x00000000193850b8:   000000001cc98158 00000000193851b0
0x00000000193850c8:   00000000133cdf98 211009ae000000b6
0x00000000193850d8:   0000000017842800 00000000193858f0
0x00000000193850e8:   0000000013581e78 0000000017842800
0x00000000193850f8:   aaf87b810000002b 00000000133cf1a5
0x0000000019385108:   5da9b735000000b6 00000000133cf298
0x0000000019385118:   0000000017842800 0000000000000000
0x0000000019385128:   0000000000000000 0000000019385818
0x0000000019385138:   00000000133cdf98 0000000017842800
0x0000000019385148:   00000000193858a0 0000000019386660
0x0000000019385158:   000000000290621e 0000000002906150
0x0000000019385168:   aeff933d00000000 0000000000000000
0x0000000019385178:   0000000019386660 0000000000000000
0x0000000019385188:   0000000000000000 0000000019386920
0x0000000019385198:   00000000034f0c7c 00000000034f01d0 

Instructions: (pc=0x0000000052e1a9d0)
0x0000000052e1a9b0:   48 3b c2 77 f3 41 0f b7 40 20 4a 8d 4c 00 30 48
0x0000000052e1a9c0:   3b d1 73 e4 41 2b d0 8d 42 d0 c3 33 c0 c3 cc cc
0x0000000052e1a9d0:   48 8b 41 08 48 63 d2 48 8d 44 10 30 c3 cc cc cc
0x0000000052e1a9e0:   48 8b 41 08 48 8b 48 08 48 8b 41 18 48 8b 40 10 


Register to memory mapping:

RAX=0x0000000019385180 is pointing into the stack for thread: 0x0000000017842800
RBX=0x0000000000000000 is an unknown value
RCX=0x0000000000000000 is an unknown value
RDX=0x0000000000000000 is an unknown value
RSP=0x00000000193850a8 is pointing into the stack for thread: 0x0000000017842800
RBP=0x00000000193851b0 is pointing into the stack for thread: 0x0000000017842800
RSI=0x0000000019385180 is pointing into the stack for thread: 0x0000000017842800
RDI=0x0000000000000000 is an unknown value
R8 =0x0000000019385f40 is pointing into the stack for thread: 0x0000000017842800
R9 =0x0000000019385818 is pointing into the stack for thread: 0x0000000017842800
R10=0x00000000034f2060 is at entry_point+6912 in (nmethod*)0x00000000034f01d0
R11=0x0000000017842800 is a thread
R12=0x0000000000000000 is an unknown value
R13=0x0000000017842800 is a thread
R14=0x0000000000000000 is an unknown value
R15=0x0000000017842800 is a thread


Stack: [0x0000000019290000,0x0000000019390000],  sp=0x00000000193850a8,  free space=980k
Native frames: (J=compiled Java code, j=interpreted, Vv=VM code, C=native code)
V  [jvm.dll+0x12a9d0]

Java frames: (J=compiled Java code, j=interpreted, Vv=VM code)
v  ~RuntimeStub::resolve_opt_virtual_call
J 4013 C1 java.util.jar.Manifest.read(Ljava/io/InputStream;)V (328 bytes) @ 0x00000000034f0f14 [0x00000000034f0560+0x9b4]
j  java.util.jar.Manifest.<init>(Ljava/util/jar/JarVerifier;Ljava/io/InputStream;)V+28
J 759 C1 java.util.jar.JarFile.getManifestFromReference()Ljava/util/jar/Manifest; (117 bytes) @ 0x0000000002bbfa6c [0x0000000002bbf380+0x6ec]
J 758 C1 java.util.jar.JarFile.getManifest()Ljava/util/jar/Manifest; (5 bytes) @ 0x0000000002bbefbc [0x0000000002bbef40+0x7c]
j  java.util.jar.JarFile.maybeInstantiateVerifier()V+79
J 852 C1 java.util.jar.JarFile.ensureInitialization()V (41 bytes) @ 0x0000000002c1c16c [0x0000000002c1c020+0x14c]
J 850 C1 sun.misc.URLClassPath$JarLoader$2.getManifest()Ljava/util/jar/Manifest; (26 bytes) @ 0x0000000002c1b5e4 [0x0000000002c1b300+0x2e4]
J 611 C1 java.net.URLClassLoader.defineClass(Ljava/lang/String;Lsun/misc/Resource;)Ljava/lang/Class; (142 bytes) @ 0x0000000002b3d7bc [0x0000000002b3d340+0x47c]
J 2287 C1 java.net.URLClassLoader.access$100(Ljava/net/URLClassLoader;Ljava/lang/String;Lsun/misc/Resource;)Ljava/lang/Class; (7 bytes) @ 0x000000000319069c [0x0000000003190640+0x5c]
j  java.net.URLClassLoader$1.run()Ljava/lang/Class;+43
j  java.net.URLClassLoader$1.run()Ljava/lang/Object;+1
v  ~StubRoutines::call_stub
J 438  java.security.AccessController.doPrivileged(Ljava/security/PrivilegedExceptionAction;Ljava/security/AccessControlContext;)Ljava/lang/Object; (0 bytes) @ 0x0000000002ab71e6 [0x0000000002ab7180+0x66]
J 1479 C2 java.net.URLClassLoader.findClass(Ljava/lang/String;)Ljava/lang/Class; (47 bytes) @ 0x0000000002dfa170 [0x0000000002dfa0e0+0x90]
J 3734 C2 java.lang.ClassLoader.loadClass(Ljava/lang/String;Z)Ljava/lang/Class; (122 bytes) @ 0x0000000002d19ba0 [0x0000000002d19800+0x3a0]
J 2592 C2 java.lang.ClassLoader.loadClass(Ljava/lang/String;)Ljava/lang/Class; (7 bytes) @ 0x00000000032d24c0 [0x00000000032d2480+0x40]
v  ~StubRoutines::call_stub
j  com.android.build.gradle.internal.packaging.GradleKeystoreHelper.getDefaultDebugKeystoreLocation()Ljava/io/File;+5
j  com.android.build.gradle.BasePlugin.configureExtension()V+99
j  com.android.build.gradle.BasePlugin$$Lambda$276.call()V+4
j  com.android.builder.profile.ThreadRecorder.record(Lcom/google/wireless/android/sdk/stats/GradleBuildProfileSpan$ExecutionType;Ljava/lang/String;Ljava/lang/String;Lcom/android/builder/profile/Recorder$VoidBlock;)V+17
j  com.android.build.gradle.BasePlugin.basePluginApply(Lorg/gradle/api/Project;)V+209
j  com.android.build.gradle.BasePlugin.lambda$apply$0(Lorg/gradle/api/Project;)V+2
j  com.android.build.gradle.BasePlugin$$Lambda$228.run()V+8
j  com.android.build.gradle.internal.crash.CrashReporting.runAction(Ljava/lang/Runnable;)V+8
j  com.android.build.gradle.BasePlugin.apply(Lorg/gradle/api/Project;)V+7
j  com.android.build.gradle.BasePlugin.apply(Ljava/lang/Object;)V+5
j  org.gradle.api.internal.plugins.ImperativeOnlyPluginTarget.applyImperative(Ljava/lang/String;Lorg/gradle/api/Plugin;)V+13
j  org.gradle.api.internal.plugins.RuleBasedPluginTarget.applyImperative(Ljava/lang/String;Lorg/gradle/api/Plugin;)V+6
j  org.gradle.api.internal.plugins.DefaultPluginManager.addPlugin(Ljava/lang/Runnable;Lorg/gradle/api/internal/plugins/PluginImplementation;Ljava/lang/String;Ljava/lang/Class;)V+52
j  org.gradle.api.internal.plugins.DefaultPluginManager.access$300(Lorg/gradle/api/internal/plugins/DefaultPluginManager;Ljava/lang/Runnable;Lorg/gradle/api/internal/plugins/PluginImplementation;Ljava/lang/String;Ljava/lang/Class;)V+6
j  org.gradle.api.internal.plugins.DefaultPluginManager$AddPluginBuildOperation.run(Lorg/gradle/internal/operations/BuildOperationContext;)V+20
j  org.gradle.internal.operations.DefaultBuildOperationExecutor$RunnableBuildOperationWorker.execute(Lorg/gradle/internal/operations/RunnableBuildOperation;Lorg/gradle/internal/operations/BuildOperationContext;)V+2
j  org.gradle.internal.operations.DefaultBuildOperationExecutor$RunnableBuildOperationWorker.execute(Lorg/gradle/internal/operations/BuildOperation;Lorg/gradle/internal/operations/BuildOperationContext;)V+6
j  org.gradle.internal.operations.DefaultBuildOperationExecutor$1.execute(Lorg/gradle/internal/operations/BuildOperationDescriptor;Lorg/gradle/internal/operations/DefaultBuildOperationExecutor$DefaultBuildOperationContext;Lorg/gradle/internal/operations/DefaultBuildOperationExecutor$BuildOperationExecutionListener;)Lorg/gradle/internal/operations/BuildOperation;+18
j  org.gradle.internal.operations.DefaultBuildOperationExecutor.execute(Lorg/gradle/internal/operations/BuildOperationDescriptor$Builder;Lorg/gradle/internal/operations/DefaultBuildOperationExecutor$BuildOperationState;Lorg/gradle/internal/operations/DefaultBuildOperationExecutor$BuildOperationExecution;)Lorg/gradle/internal/operations/BuildOperation;+105
j  org.gradle.internal.operations.DefaultBuildOperationExecutor.execute(Lorg/gradle/internal/operations/BuildOperation;Lorg/gradle/internal/operations/BuildOperationWorker;Lorg/gradle/internal/operations/DefaultBuildOperationExecutor$BuildOperationState;)V+22
j  org.gradle.internal.operations.DefaultBuildOperationExecutor.run(Lorg/gradle/internal/operations/RunnableBuildOperation;)V+10
j  org.gradle.internal.operations.DelegatingBuildOperationExecutor.run(Lorg/gradle/internal/operations/RunnableBuildOperation;)V+5
j  org.gradle.api.internal.plugins.DefaultPluginManager$2.execute(Lorg/gradle/configuration/internal/UserCodeApplicationId;)V+36
j  org.gradle.api.internal.plugins.DefaultPluginManager$2.execute(Ljava/lang/Object;)V+5
j  org.gradle.configuration.internal.DefaultUserCodeApplicationContext.apply(Lorg/gradle/api/Action;)V+19
j  org.gradle.api.internal.plugins.DefaultPluginManager.doApply(Lorg/gradle/api/internal/plugins/PluginImplementation;)V+128
j  org.gradle.api.internal.plugins.DefaultPluginManager.apply(Ljava/lang/String;)V+52
j  org.gradle.api.internal.plugins.DefaultObjectConfigurationAction.applyType(Ljava/lang/String;)V+43
j  org.gradle.api.internal.plugins.DefaultObjectConfigurationAction.access$200(Lorg/gradle/api/internal/plugins/DefaultObjectConfigurationAction;Ljava/lang/String;)V+2
j  org.gradle.api.internal.plugins.DefaultObjectConfigurationAction$3.run()V+8
j  org.gradle.api.internal.plugins.DefaultObjectConfigurationAction.execute()V+58
j  org.gradle.api.internal.project.AbstractPluginAware.apply(Ljava/util/Map;)V+12
j  org.gradle.api.internal.project.ProjectScript.apply(Ljava/util/Map;)V+5
j  org.gradle.api.Script$apply$0.callCurrent(Lgroovy/lang/GroovyObject;[Ljava/lang/Object;)Ljava/lang/Object;+19
j  org.codehaus.groovy.runtime.callsite.CallSiteArray.defaultCallCurrent(Lorg/codehaus/groovy/runtime/callsite/CallSite;Lgroovy/lang/GroovyObject;[Ljava/lang/Object;)Ljava/lang/Object;+17
j  org.codehaus.groovy.runtime.callsite.AbstractCallSite.callCurrent(Lgroovy/lang/GroovyObject;[Ljava/lang/Object;)Ljava/lang/Object;+3
j  org.codehaus.groovy.runtime.callsite.AbstractCallSite.callCurrent(Lgroovy/lang/GroovyObject;Ljava/lang/Object;)Ljava/lang/Object;+33
j  build_1j7b793xfmkeeald0yud576qn.run()Ljava/lang/Object;+26
j  org.gradle.groovy.scripts.internal.DefaultScriptRunnerFactory$ScriptRunnerImpl.run(Ljava/lang/Object;Lorg/gradle/internal/service/ServiceRegistry;)V+57
j  org.gradle.configuration.DefaultScriptPluginFactory$ScriptPluginImpl$2.run()V+12
j  org.gradle.configuration.ProjectScriptTarget.addConfiguration(Ljava/lang/Runnable;Z)V+18
j  org.gradle.configuration.DefaultScriptPluginFactory$ScriptPluginImpl.apply(Ljava/lang/Object;)V+656
j  org.gradle.configuration.BuildOperationScriptPlugin$1$1.run(Lorg/gradle/internal/operations/BuildOperationContext;)V+17
j  org.gradle.internal.operations.DefaultBuildOperationExecutor$RunnableBuildOperationWorker.execute(Lorg/gradle/internal/operations/RunnableBuildOperation;Lorg/gradle/internal/operations/BuildOperationContext;)V+2
j  org.gradle.internal.operations.DefaultBuildOperationExecutor$RunnableBuildOperationWorker.execute(Lorg/gradle/internal/operations/BuildOperation;Lorg/gradle/internal/operations/BuildOperationContext;)V+6
j  org.gradle.internal.operations.DefaultBuildOperationExecutor$1.execute(Lorg/gradle/internal/operations/BuildOperationDescriptor;Lorg/gradle/internal/operations/DefaultBuildOperationExecutor$DefaultBuildOperationContext;Lorg/gradle/internal/operations/DefaultBuildOperationExecutor$BuildOperationExecutionListener;)Lorg/gradle/internal/operations/BuildOperation;+18
j  org.gradle.internal.operations.DefaultBuildOperationExecutor.execute(Lorg/gradle/internal/operations/BuildOperationDescriptor$Builder;Lorg/gradle/internal/operations/DefaultBuildOperationExecutor$BuildOperationState;Lorg/gradle/internal/operations/DefaultBuildOperationExecutor$BuildOperationExecution;)Lorg/gradle/internal/operations/BuildOperation;+105
j  org.gradle.internal.operations.DefaultBuildOperationExecutor.execute(Lorg/gradle/internal/operations/BuildOperation;Lorg/gradle/internal/operations/BuildOperationWorker;Lorg/gradle/internal/operations/DefaultBuildOperationExecutor$BuildOperationState;)V+22
j  org.gradle.internal.operations.DefaultBuildOperationExecutor.run(Lorg/gradle/internal/operations/RunnableBuildOperation;)V+10
j  org.gradle.internal.operations.DelegatingBuildOperationExecutor.run(Lorg/gradle/internal/operations/RunnableBuildOperation;)V+5
j  org.gradle.configuration.BuildOperationScriptPlugin$1.execute(Lorg/gradle/configuration/internal/UserCodeApplicationId;)V+16
j  org.gradle.configuration.BuildOperationScriptPlugin$1.execute(Ljava/lang/Object;)V+5
j  org.gradle.configuration.internal.DefaultUserCodeApplicationContext.apply(Lorg/gradle/api/Action;)V+19
j  org.gradle.configuration.BuildOperationScriptPlugin.apply(Ljava/lang/Object;)V+54
j  org.gradle.configuration.project.BuildScriptProcessor$1.run()V+8
j  org.gradle.internal.Factories$1.create()Ljava/lang/Object;+4
j  org.gradle.api.internal.project.DefaultProjectStateRegistry$ProjectStateImpl.withMutableState(Lorg/gradle/internal/Factory;)Ljava/lang/Object;+59
j  org.gradle.api.internal.project.DefaultProjectStateRegistry$ProjectStateImpl.withMutableState(Ljava/lang/Runnable;)V+5
j  org.gradle.configuration.project.BuildScriptProcessor.execute(Lorg/gradle/api/internal/project/ProjectInternal;)V+88
j  org.gradle.configuration.project.BuildScriptProcessor.execute(Ljava/lang/Object;)V+5
j  org.gradle.configuration.project.ConfigureActionsProjectEvaluator.evaluate(Lorg/gradle/api/internal/project/ProjectInternal;Lorg/gradle/api/internal/project/ProjectStateInternal;)V+33
j  org.gradle.configuration.project.LifecycleProjectEvaluator$EvaluateProject$1.run()V+94
j  org.gradle.internal.Factories$1.create()Ljava/lang/Object;+4
j  org.gradle.internal.work.DefaultWorkerLeaseService.withLocks(Ljava/lang/Iterable;Lorg/gradle/internal/Factory;)Ljava/lang/Object;+26
j  org.gradle.internal.work.StopShieldingWorkerLeaseService.withLocks(Ljava/lang/Iterable;Lorg/gradle/internal/Factory;)Ljava/lang/Object;+6
j  org.gradle.api.internal.project.DefaultProjectStateRegistry$ProjectStateImpl.withProjectLock(Lorg/gradle/internal/resources/ResourceLock;Lorg/gradle/internal/Factory;)Ljava/lang/Object;+12
j  org.gradle.api.internal.project.DefaultProjectStateRegistry$ProjectStateImpl.withMutableState(Lorg/gradle/internal/Factory;)Ljava/lang/Object;+134
j  org.gradle.api.internal.project.DefaultProjectStateRegistry$ProjectStateImpl.withMutableState(Ljava/lang/Runnable;)V+5
j  org.gradle.configuration.project.LifecycleProjectEvaluator$EvaluateProject.run(Lorg/gradle/internal/operations/BuildOperationContext;)V+18
j  org.gradle.internal.operations.DefaultBuildOperationExecutor$RunnableBuildOperationWorker.execute(Lorg/gradle/internal/operations/RunnableBuildOperation;Lorg/gradle/internal/operations/BuildOperationContext;)V+2
j  org.gradle.internal.operations.DefaultBuildOperationExecutor$RunnableBuildOperationWorker.execute(Lorg/gradle/internal/operations/BuildOperation;Lorg/gradle/internal/operations/BuildOperationContext;)V+6
j  org.gradle.internal.operations.DefaultBuildOperationExecutor$1.execute(Lorg/gradle/internal/operations/BuildOperationDescriptor;Lorg/gradle/internal/operations/DefaultBuildOperationExecutor$DefaultBuildOperationContext;Lorg/gradle/internal/operations/DefaultBuildOperationExecutor$BuildOperationExecutionListener;)Lorg/gradle/internal/operations/BuildOperation;+18
j  org.gradle.internal.operations.DefaultBuildOperationExecutor.execute(Lorg/gradle/internal/operations/BuildOperationDescriptor$Builder;Lorg/gradle/internal/operations/DefaultBuildOperationExecutor$BuildOperationState;Lorg/gradle/internal/operations/DefaultBuildOperationExecutor$BuildOperationExecution;)Lorg/gradle/internal/operations/BuildOperation;+105
j  org.gradle.internal.operations.DefaultBuildOperationExecutor.execute(Lorg/gradle/internal/operations/BuildOperation;Lorg/gradle/internal/operations/BuildOperationWorker;Lorg/gradle/internal/operations/DefaultBuildOperationExecutor$BuildOperationState;)V+22
j  org.gradle.internal.operations.DefaultBuildOperationExecutor.run(Lorg/gradle/internal/operations/RunnableBuildOperation;)V+10
j  org.gradle.internal.operations.DelegatingBuildOperationExecutor.run(Lorg/gradle/internal/operations/RunnableBuildOperation;)V+5
j  org.gradle.configuration.project.LifecycleProjectEvaluator.evaluate(Lorg/gradle/api/internal/project/ProjectInternal;Lorg/gradle/api/internal/project/ProjectStateInternal;)V+22
j  org.gradle.api.internal.project.DefaultProject.evaluate()Lorg/gradle/api/internal/project/DefaultProject;+9
j  org.gradle.api.internal.project.DefaultProject.evaluate()Lorg/gradle/api/Project;+1
j  org.gradle.execution.TaskPathProjectEvaluator.configure(Lorg/gradle/api/internal/project/ProjectInternal;)V+21
j  org.gradle.execution.TaskPathProjectEvaluator.configureHierarchy(Lorg/gradle/api/internal/project/ProjectInternal;)V+41
j  org.gradle.configuration.DefaultProjectsPreparer.prepareProjects(Lorg/gradle/api/internal/GradleInternal;)V+79
j  org.gradle.configuration.BuildOperatingFiringProjectsPreparer$ConfigureBuild.run(Lorg/gradle/internal/operations/BuildOperationContext;)V+11
j  org.gradle.internal.operations.DefaultBuildOperationExecutor$RunnableBuildOperationWorker.execute(Lorg/gradle/internal/operations/RunnableBuildOperation;Lorg/gradle/internal/operations/BuildOperationContext;)V+2
j  org.gradle.internal.operations.DefaultBuildOperationExecutor$RunnableBuildOperationWorker.execute(Lorg/gradle/internal/operations/BuildOperation;Lorg/gradle/internal/operations/BuildOperationContext;)V+6
j  org.gradle.internal.operations.DefaultBuildOperationExecutor$1.execute(Lorg/gradle/internal/operations/BuildOperationDescriptor;Lorg/gradle/internal/operations/DefaultBuildOperationExecutor$DefaultBuildOperationContext;Lorg/gradle/internal/operations/DefaultBuildOperationExecutor$BuildOperationExecutionListener;)Lorg/gradle/internal/operations/BuildOperation;+18
j  org.gradle.internal.operations.DefaultBuildOperationExecutor.execute(Lorg/gradle/internal/operations/BuildOperationDescriptor$Builder;Lorg/gradle/internal/operations/DefaultBuildOperationExecutor$BuildOperationState;Lorg/gradle/internal/operations/DefaultBuildOperationExecutor$BuildOperationExecution;)Lorg/gradle/internal/operations/BuildOperation;+105
j  org.gradle.internal.operations.DefaultBuildOperationExecutor.execute(Lorg/gradle/internal/operations/BuildOperation;Lorg/gradle/internal/operations/BuildOperationWorker;Lorg/gradle/internal/operations/DefaultBuildOperationExecutor$BuildOperationState;)V+22
j  org.gradle.internal.operations.DefaultBuildOperationExecutor.run(Lorg/gradle/internal/operations/RunnableBuildOperation;)V+10
j  org.gradle.internal.operations.DelegatingBuildOperationExecutor.run(Lorg/gradle/internal/operations/RunnableBuildOperation;)V+5
j  org.gradle.configuration.BuildOperatingFiringProjectsPreparer.prepareProjects(Lorg/gradle/api/internal/GradleInternal;)V+13
j  org.gradle.initialization.DefaultGradleLauncher.prepareProjects()V+40
j  org.gradle.initialization.DefaultGradleLauncher.doClassicBuildStages(Lorg/gradle/initialization/DefaultGradleLauncher$Stage;)V+29
j  org.gradle.initialization.DefaultGradleLauncher.doBuildStages(Lorg/gradle/initialization/DefaultGradleLauncher$Stage;)V+45
j  org.gradle.initialization.DefaultGradleLauncher.executeTasks()Lorg/gradle/api/internal/GradleInternal;+4
j  org.gradle.internal.invocation.GradleBuildController$$Lambda$52.execute(Ljava/lang/Object;)V+4
j  org.gradle.internal.invocation.GradleBuildController$1.create()Lorg/gradle/api/internal/GradleInternal;+31
j  org.gradle.internal.invocation.GradleBuildController$1.create()Ljava/lang/Object;+1
j  org.gradle.internal.work.DefaultWorkerLeaseService.withLocks(Ljava/lang/Iterable;Lorg/gradle/internal/Factory;)Ljava/lang/Object;+26
j  org.gradle.internal.work.StopShieldingWorkerLeaseService.withLocks(Ljava/lang/Iterable;Lorg/gradle/internal/Factory;)Ljava/lang/Object;+6
j  org.gradle.internal.invocation.GradleBuildController.doBuild(Lorg/gradle/api/internal/GradleInternal$BuildType;Lorg/gradle/api/Action;)Lorg/gradle/api/internal/GradleInternal;+26
j  org.gradle.internal.invocation.GradleBuildController.run()Lorg/gradle/api/internal/GradleInternal;+9
j  org.gradle.tooling.internal.provider.ExecuteBuildActionRunner.run(Lorg/gradle/internal/invocation/BuildAction;Lorg/gradle/internal/invocation/BuildController;)Lorg/gradle/internal/invocation/BuildActionRunner$Result;+12
j  org.gradle.launcher.exec.ChainingBuildActionRunner.run(Lorg/gradle/internal/invocation/BuildAction;Lorg/gradle/internal/invocation/BuildController;)Lorg/gradle/internal/invocation/BuildActionRunner$Result;+34
j  org.gradle.launcher.exec.BuildOutcomeReportingBuildActionRunner.run(Lorg/gradle/internal/invocation/BuildAction;Lorg/gradle/internal/invocation/BuildController;)Lorg/gradle/internal/invocation/BuildActionRunner$Result;+143
j  org.gradle.tooling.internal.provider.ValidatingBuildActionRunner.run(Lorg/gradle/internal/invocation/BuildAction;Lorg/gradle/internal/invocation/BuildController;)Lorg/gradle/internal/invocation/BuildActionRunner$Result;+6
j  org.gradle.launcher.exec.BuildCompletionNotifyingBuildActionRunner.run(Lorg/gradle/internal/invocation/BuildAction;Lorg/gradle/internal/invocation/BuildController;)Lorg/gradle/internal/invocation/BuildActionRunner$Result;+28
j  org.gradle.launcher.exec.RunAsBuildOperationBuildActionRunner$3.call(Lorg/gradle/internal/operations/BuildOperationContext;)Lorg/gradle/internal/invocation/BuildActionRunner$Result;+95
j  org.gradle.launcher.exec.RunAsBuildOperationBuildActionRunner$3.call(Lorg/gradle/internal/operations/BuildOperationContext;)Ljava/lang/Object;+2
j  org.gradle.internal.operations.DefaultBuildOperationExecutor$CallableBuildOperationWorker.execute(Lorg/gradle/internal/operations/CallableBuildOperation;Lorg/gradle/internal/operations/BuildOperationContext;)V+3
j  org.gradle.internal.operations.DefaultBuildOperationExecutor$CallableBuildOperationWorker.execute(Lorg/gradle/internal/operations/BuildOperation;Lorg/gradle/internal/operations/BuildOperationContext;)V+6
j  org.gradle.internal.operations.DefaultBuildOperationExecutor$1.execute(Lorg/gradle/internal/operations/BuildOperationDescriptor;Lorg/gradle/internal/operations/DefaultBuildOperationExecutor$DefaultBuildOperationContext;Lorg/gradle/internal/operations/DefaultBuildOperationExecutor$BuildOperationExecutionListener;)Lorg/gradle/internal/operations/BuildOperation;+18
j  org.gradle.internal.operations.DefaultBuildOperationExecutor.execute(Lorg/gradle/internal/operations/BuildOperationDescriptor$Builder;Lorg/gradle/internal/operations/DefaultBuildOperationExecutor$BuildOperationState;Lorg/gradle/internal/operations/DefaultBuildOperationExecutor$BuildOperationExecution;)Lorg/gradle/internal/operations/BuildOperation;+105
j  org.gradle.internal.operations.DefaultBuildOperationExecutor.execute(Lorg/gradle/internal/operations/BuildOperation;Lorg/gradle/internal/operations/BuildOperationWorker;Lorg/gradle/internal/operations/DefaultBuildOperationExecutor$BuildOperationState;)V+22
j  org.gradle.internal.operations.DefaultBuildOperationExecutor.call(Lorg/gradle/internal/operations/CallableBuildOperation;)Ljava/lang/Object;+16
j  org.gradle.internal.operations.DelegatingBuildOperationExecutor.call(Lorg/gradle/internal/operations/CallableBuildOperation;)Ljava/lang/Object;+5
j  org.gradle.launcher.exec.RunAsBuildOperationBuildActionRunner.run(Lorg/gradle/internal/invocation/BuildAction;Lorg/gradle/internal/invocation/BuildController;)Lorg/gradle/internal/invocation/BuildActionRunner$Result;+33
j  org.gradle.launcher.exec.InProcessBuildActionExecuter$1.transform(Lorg/gradle/internal/invocation/BuildController;)Lorg/gradle/launcher/exec/BuildActionResult;+12
j  org.gradle.launcher.exec.InProcessBuildActionExecuter$1.transform(Ljava/lang/Object;)Ljava/lang/Object;+5
j  org.gradle.composite.internal.DefaultRootBuildState.run(Lorg/gradle/api/Transformer;)Ljava/lang/Object;+43
j  org.gradle.launcher.exec.InProcessBuildActionExecuter.execute(Lorg/gradle/internal/invocation/BuildAction;Lorg/gradle/initialization/BuildRequestContext;Lorg/gradle/launcher/exec/BuildActionParameters;Lorg/gradle/internal/service/ServiceRegistry;)Lorg/gradle/launcher/exec/BuildActionResult;+82
j  org.gradle.launcher.exec.InProcessBuildActionExecuter.execute(Lorg/gradle/internal/invocation/BuildAction;Lorg/gradle/initialization/BuildRequestContext;Ljava/lang/Object;Lorg/gradle/internal/service/ServiceRegistry;)Lorg/gradle/launcher/exec/BuildActionResult;+9
j  org.gradle.launcher.exec.BuildTreeScopeBuildActionExecuter.execute(Lorg/gradle/internal/invocation/BuildAction;Lorg/gradle/initialization/BuildRequestContext;Lorg/gradle/launcher/exec/BuildActionParameters;Lorg/gradle/internal/service/ServiceRegistry;)Lorg/gradle/launcher/exec/BuildActionResult;+38
j  org.gradle.launcher.exec.BuildTreeScopeBuildActionExecuter.execute(Lorg/gradle/internal/invocation/BuildAction;Lorg/gradle/initialization/BuildRequestContext;Ljava/lang/Object;Lorg/gradle/internal/service/ServiceRegistry;)Lorg/gradle/launcher/exec/BuildActionResult;+9
j  org.gradle.tooling.internal.provider.ContinuousBuildActionExecuter.execute(Lorg/gradle/internal/invocation/BuildAction;Lorg/gradle/initialization/BuildRequestContext;Lorg/gradle/launcher/exec/BuildActionParameters;Lorg/gradle/internal/service/ServiceRegistry;)Lorg/gradle/launcher/exec/BuildActionResult;+58
j  org.gradle.tooling.internal.provider.ContinuousBuildActionExecuter.execute(Lorg/gradle/internal/invocation/BuildAction;Lorg/gradle/initialization/BuildRequestContext;Ljava/lang/Object;Lorg/gradle/internal/service/ServiceRegistry;)Lorg/gradle/launcher/exec/BuildActionResult;+9
j  org.gradle.tooling.internal.provider.SubscribableBuildActionExecuter.execute(Lorg/gradle/internal/invocation/BuildAction;Lorg/gradle/initialization/BuildRequestContext;Lorg/gradle/launcher/exec/BuildActionParameters;Lorg/gradle/internal/service/ServiceRegistry;)Lorg/gradle/launcher/exec/BuildActionResult;+41
j  org.gradle.tooling.internal.provider.SubscribableBuildActionExecuter.execute(Lorg/gradle/internal/invocation/BuildAction;Lorg/gradle/initialization/BuildRequestContext;Ljava/lang/Object;Lorg/gradle/internal/service/ServiceRegistry;)Lorg/gradle/launcher/exec/BuildActionResult;+9
j  org.gradle.tooling.internal.provider.SessionScopeBuildActionExecuter.execute(Lorg/gradle/internal/invocation/BuildAction;Lorg/gradle/initialization/BuildRequestContext;Lorg/gradle/launcher/exec/BuildActionParameters;Lorg/gradle/internal/service/ServiceRegistry;)Lorg/gradle/launcher/exec/BuildActionResult;+117
j  org.gradle.tooling.internal.provider.SessionScopeBuildActionExecuter.execute(Lorg/gradle/internal/invocation/BuildAction;Lorg/gradle/initialization/BuildRequestContext;Ljava/lang/Object;Lorg/gradle/internal/service/ServiceRegistry;)Lorg/gradle/launcher/exec/BuildActionResult;+9
j  org.gradle.tooling.internal.provider.GradleThreadBuildActionExecuter.execute(Lorg/gradle/internal/invocation/BuildAction;Lorg/gradle/initialization/BuildRequestContext;Lorg/gradle/launcher/exec/BuildActionParameters;Lorg/gradle/internal/service/ServiceRegistry;)Lorg/gradle/launcher/exec/BuildActionResult;+12
j  org.gradle.tooling.internal.provider.GradleThreadBuildActionExecuter.execute(Lorg/gradle/internal/invocation/BuildAction;Lorg/gradle/initialization/BuildRequestContext;Ljava/lang/Object;Lorg/gradle/internal/service/ServiceRegistry;)Lorg/gradle/launcher/exec/BuildActionResult;+9
j  org.gradle.tooling.internal.provider.ParallelismConfigurationBuildActionExecuter.execute(Lorg/gradle/internal/invocation/BuildAction;Lorg/gradle/initialization/BuildRequestContext;Lorg/gradle/launcher/exec/BuildActionParameters;Lorg/gradle/internal/service/ServiceRegistry;)Lorg/gradle/launcher/exec/BuildActionResult;+43
j  org.gradle.tooling.internal.provider.ParallelismConfigurationBuildActionExecuter.execute(Lorg/gradle/internal/invocation/BuildAction;Lorg/gradle/initialization/BuildRequestContext;Ljava/lang/Object;Lorg/gradle/internal/service/ServiceRegistry;)Lorg/gradle/launcher/exec/BuildActionResult;+9
j  org.gradle.tooling.internal.provider.StartParamsValidatingActionExecuter.execute(Lorg/gradle/internal/invocation/BuildAction;Lorg/gradle/initialization/BuildRequestContext;Lorg/gradle/launcher/exec/BuildActionParameters;Lorg/gradle/internal/service/ServiceRegistry;)Lorg/gradle/launcher/exec/BuildActionResult;+177
j  org.gradle.tooling.internal.provider.StartParamsValidatingActionExecuter.execute(Lorg/gradle/internal/invocation/BuildAction;Lorg/gradle/initialization/BuildRequestContext;Ljava/lang/Object;Lorg/gradle/internal/service/ServiceRegistry;)Lorg/gradle/launcher/exec/BuildActionResult;+9
j  org.gradle.tooling.internal.provider.SessionFailureReportingActionExecuter.execute(Lorg/gradle/internal/invocation/BuildAction;Lorg/gradle/initialization/BuildRequestContext;Lorg/gradle/launcher/exec/BuildActionParameters;Lorg/gradle/internal/service/ServiceRegistry;)Lorg/gradle/launcher/exec/BuildActionResult;+9
j  org.gradle.tooling.internal.provider.SessionFailureReportingActionExecuter.execute(Lorg/gradle/internal/invocation/BuildAction;Lorg/gradle/initialization/BuildRequestContext;Ljava/lang/Object;Lorg/gradle/internal/service/ServiceRegistry;)Lorg/gradle/launcher/exec/BuildActionResult;+9
j  org.gradle.tooling.internal.provider.SetupLoggingActionExecuter.execute(Lorg/gradle/internal/invocation/BuildAction;Lorg/gradle/initialization/BuildRequestContext;Lorg/gradle/launcher/exec/BuildActionParameters;Lorg/gradle/internal/service/ServiceRegistry;)Lorg/gradle/launcher/exec/BuildActionResult;+52
j  org.gradle.tooling.internal.provider.SetupLoggingActionExecuter.execute(Lorg/gradle/internal/invocation/BuildAction;Lorg/gradle/initialization/BuildRequestContext;Ljava/lang/Object;Lorg/gradle/internal/service/ServiceRegistry;)Lorg/gradle/launcher/exec/BuildActionResult;+9
j  org.gradle.launcher.daemon.server.exec.ExecuteBuild.doBuild(Lorg/gradle/launcher/daemon/server/api/DaemonCommandExecution;Lorg/gradle/launcher/daemon/protocol/Build;)V+118
j  org.gradle.launcher.daemon.server.exec.BuildCommandOnly.execute(Lorg/gradle/launcher/daemon/server/api/DaemonCommandExecution;)V+49
j  org.gradle.launcher.daemon.server.api.DaemonCommandExecution.proceed()Z+23
j  org.gradle.launcher.daemon.server.exec.WatchForDisconnection.execute(Lorg/gradle/launcher/daemon/server/api/DaemonCommandExecution;)V+19
j  org.gradle.launcher.daemon.server.api.DaemonCommandExecution.proceed()Z+23
j  org.gradle.launcher.daemon.server.exec.ResetDeprecationLogger.execute(Lorg/gradle/launcher/daemon/server/api/DaemonCommandExecution;)V+7
j  org.gradle.launcher.daemon.server.api.DaemonCommandExecution.proceed()Z+23
j  org.gradle.launcher.daemon.server.exec.RequestStopIfSingleUsedDaemon.execute(Lorg/gradle/launcher/daemon/server/api/DaemonCommandExecution;)V+33
j  org.gradle.launcher.daemon.server.api.DaemonCommandExecution.proceed()Z+23
j  org.gradle.launcher.daemon.server.exec.ForwardClientInput$2.create()Ljava/lang/Void;+4
j  org.gradle.launcher.daemon.server.exec.ForwardClientInput$2.create()Ljava/lang/Object;+1
j  org.gradle.util.Swapper.swap(Ljava/lang/Object;Lorg/gradle/internal/Factory;)Ljava/lang/Object;+21
j  org.gradle.launcher.daemon.server.exec.ForwardClientInput.execute(Lorg/gradle/launcher/daemon/server/api/DaemonCommandExecution;)V+63
j  org.gradle.launcher.daemon.server.api.DaemonCommandExecution.proceed()Z+23
j  org.gradle.launcher.daemon.server.exec.LogAndCheckHealth.execute(Lorg/gradle/launcher/daemon/server/api/DaemonCommandExecution;)V+28
j  org.gradle.launcher.daemon.server.api.DaemonCommandExecution.proceed()Z+23
j  org.gradle.launcher.daemon.server.exec.LogToClient.doBuild(Lorg/gradle/launcher/daemon/server/api/DaemonCommandExecution;Lorg/gradle/launcher/daemon/protocol/Build;)V+87
j  org.gradle.launcher.daemon.server.exec.BuildCommandOnly.execute(Lorg/gradle/launcher/daemon/server/api/DaemonCommandExecution;)V+49
j  org.gradle.launcher.daemon.server.api.DaemonCommandExecution.proceed()Z+23
j  org.gradle.launcher.daemon.server.exec.EstablishBuildEnvironment.doBuild(Lorg/gradle/launcher/daemon/server/api/DaemonCommandExecution;Lorg/gradle/launcher/daemon/protocol/Build;)V+351
j  org.gradle.launcher.daemon.server.exec.BuildCommandOnly.execute(Lorg/gradle/launcher/daemon/server/api/DaemonCommandExecution;)V+49
j  org.gradle.launcher.daemon.server.api.DaemonCommandExecution.proceed()Z+23
j  org.gradle.launcher.daemon.server.exec.StartBuildOrRespondWithBusy$1.run()V+44
j  org.gradle.launcher.daemon.server.DaemonStateCoordinator$1.run()V+4
j  org.gradle.internal.concurrent.ExecutorPolicy$CatchAndRecordFailures.onExecute(Ljava/lang/Runnable;)V+1
j  org.gradle.internal.concurrent.ManagedExecutorImpl$1.run()V+25
j  java.util.concurrent.ThreadPoolExecutor.runWorker(Ljava/util/concurrent/ThreadPoolExecutor$Worker;)V+95
j  java.util.concurrent.ThreadPoolExecutor$Worker.run()V+5
j  org.gradle.internal.concurrent.ThreadFactoryImpl$ManagedThreadRunnable.run()V+7
j  java.lang.Thread.run()V+11
v  ~StubRoutines::call_stub

---------------  P R O C E S S  ---------------

Java Threads: ( => current thread )
  0x000000001a18a800 JavaThread "Cache worker for Build Output Cleanup Cache (C:\Users\alexm\Desktop\repos\GoStack\gobarberapp\android\.gradle\buildOutputCleanup)" [_thread_blocked, id=1120, stack(0x000000001e8b0000,0x000000001e9b0000)]
  0x000000001a186000 JavaThread "Build operations Thread 4" [_thread_blocked, id=2152, stack(0x000000001e7b0000,0x000000001e8b0000)]
  0x000000001a18a000 JavaThread "Build operations Thread 3" [_thread_blocked, id=19628, stack(0x000000001e6b0000,0x000000001e7b0000)]
  0x000000001a18b800 JavaThread "Build operations Thread 2" [_thread_blocked, id=14668, stack(0x000000001e150000,0x000000001e250000)]
  0x000000001a185800 JavaThread "Build operations" [_thread_blocked, id=496, stack(0x000000001dc30000,0x000000001dd30000)]
  0x0000000017945000 JavaThread "Cache worker for execution history cache (C:\Users\alexm\.gradle\caches\6.2\executionHistory)" [_thread_blocked, id=5916, stack(0x000000001d730000,0x000000001d830000)]
  0x0000000017943800 JavaThread "Cache worker for cache directory md-rule (C:\Users\alexm\.gradle\caches\6.2\md-rule)" [_thread_blocked, id=6752, stack(0x000000001d630000,0x000000001d730000)]
  0x0000000017947000 JavaThread "Cache worker for cache directory md-supplier (C:\Users\alexm\.gradle\caches\6.2\md-supplier)" [_thread_blocked, id=6008, stack(0x000000001ae60000,0x000000001af60000)]
  0x0000000017946800 JavaThread "Cache worker for file hash cache (C:\Users\alexm\Desktop\repos\GoStack\gobarberapp\android\.gradle\6.2\fileHashes)" [_thread_blocked, id=12664, stack(0x000000001ad60000,0x000000001ae60000)]
  0x000000001794a800 JavaThread "Cache worker for checksums cache (C:\Users\alexm\Desktop\repos\GoStack\gobarberapp\android\.gradle\checksums)" [_thread_blocked, id=3392, stack(0x000000001ac60000,0x000000001ad60000)]
  0x0000000017949800 JavaThread "Cache worker for file hash cache (C:\Users\alexm\.gradle\caches\6.2\fileHashes)" [_thread_blocked, id=12588, stack(0x0000000019a90000,0x0000000019b90000)]
  0x0000000017945800 JavaThread "File lock request listener" [_thread_in_native, id=7452, stack(0x0000000019990000,0x0000000019a90000)]
  0x0000000017949000 JavaThread "Cache worker for journal cache (C:\Users\alexm\.gradle\caches\journal-1)" [_thread_blocked, id=16152, stack(0x0000000019890000,0x0000000019990000)]
  0x000000001783e000 JavaThread "Thread-9" [_thread_blocked, id=3272, stack(0x0000000019590000,0x0000000019690000)]
  0x000000001783a800 JavaThread "Stdin handler" [_thread_blocked, id=9024, stack(0x0000000019490000,0x0000000019590000)]
  0x0000000017837800 JavaThread "Asynchronous log dispatcher for DefaultDaemonConnection: socket connection from /127.0.0.1:50735 to /127.0.0.1:50736" [_thread_blocked, id=13608, stack(0x0000000019390000,0x0000000019490000)]
=>0x0000000017842800 JavaThread "Daemon worker" [_thread_in_vm, id=17644, stack(0x0000000019290000,0x0000000019390000)]
  0x0000000017841800 JavaThread "Cancel handler" [_thread_blocked, id=12056, stack(0x0000000019190000,0x0000000019290000)]
  0x0000000017827000 JavaThread "Handler for socket connection from /127.0.0.1:50735 to /127.0.0.1:50736" [_thread_in_native, id=9976, stack(0x0000000018e90000,0x0000000018f90000)]
  0x0000000017813800 JavaThread "Daemon" [_thread_blocked, id=19212, stack(0x0000000018d90000,0x0000000018e90000)]
  0x00000000177bd800 JavaThread "Daemon periodic checks" [_thread_blocked, id=11780, stack(0x0000000018c90000,0x0000000018d90000)]
  0x00000000177bc000 JavaThread "Incoming local TCP Connector on port 50735" [_thread_in_native, id=10460, stack(0x0000000018a30000,0x0000000018b30000)]
  0x00000000176b4800 JavaThread "Daemon health stats" [_thread_blocked, id=15228, stack(0x00000000183f0000,0x00000000184f0000)]
  0x0000000013d3e800 JavaThread "Service Thread" daemon [_thread_blocked, id=20424, stack(0x0000000015a50000,0x0000000015b50000)]
  0x0000000013d21000 JavaThread "C1 CompilerThread2" daemon [_thread_blocked, id=1168, stack(0x0000000015550000,0x0000000015650000)]
  0x0000000013ce9800 JavaThread "C2 CompilerThread1" daemon [_thread_blocked, id=5324, stack(0x0000000015450000,0x0000000015550000)]
  0x0000000013ce5800 JavaThread "C2 CompilerThread0" daemon [_thread_in_native, id=18132, stack(0x0000000015350000,0x0000000015450000)]
  0x0000000013ce4000 JavaThread "Attach Listener" daemon [_thread_blocked, id=19048, stack(0x0000000015250000,0x0000000015350000)]
  0x0000000013cf3800 JavaThread "Signal Dispatcher" daemon [_thread_blocked, id=18284, stack(0x0000000015150000,0x0000000015250000)]
  0x000000000283d800 JavaThread "Finalizer" daemon [_thread_blocked, id=20120, stack(0x0000000014f40000,0x0000000015040000)]
  0x0000000013cca800 JavaThread "Reference Handler" daemon [_thread_blocked, id=1992, stack(0x0000000014e40000,0x0000000014f40000)]
  0x0000000002744800 JavaThread "main" [_thread_blocked, id=11724, stack(0x0000000000e70000,0x0000000000f70000)]

Other Threads:
  0x0000000013ca6800 VMThread [stack: 0x0000000014d40000,0x0000000014e40000] [id=12236]
  0x0000000015684800 WatcherThread [stack: 0x0000000015b50000,0x0000000015c50000] [id=14220]

VM state:not at safepoint (normal execution)

VM Mutex/Monitor currently owned by a thread: None

heap address: 0x00000000e0000000, size: 512 MB, Compressed Oops mode: 32-bit
Narrow klass base: 0x0000000000000000, Narrow klass shift: 3
Compressed class space size: 1073741824 Address: 0x0000000100000000

Heap:
 PSYoungGen      total 159744K, used 17823K [0x00000000f5580000, 0x0000000100000000, 0x0000000100000000)
  eden space 146944K, 3% used [0x00000000f5580000,0x00000000f5b23358,0x00000000fe500000)
  from space 12800K, 94% used [0x00000000ff380000,0x00000000fff44a10,0x0000000100000000)
  to   space 13824K, 0% used [0x00000000fe500000,0x00000000fe500000,0x00000000ff280000)
 ParOldGen       total 175104K, used 16759K [0x00000000e0000000, 0x00000000eab00000, 0x00000000f5580000)
  object space 175104K, 9% used [0x00000000e0000000,0x00000000e105ddf8,0x00000000eab00000)
 Metaspace       used 43996K, capacity 45674K, committed 45952K, reserved 1089536K
  class space    used 6093K, capacity 6498K, committed 6528K, reserved 1048576K

Card table byte_map: [0x0000000011c80000,0x0000000011d90000] byte_map_base: 0x0000000011580000

Marking Bits: (ParMarkBitMap*) 0x0000000053515ce0
 Begin Bits: [0x0000000012240000, 0x0000000012a40000)
 End Bits:   [0x0000000012a40000, 0x0000000013240000)

Polling page: 0x0000000000f70000

CodeCache: size=245760Kb used=12536Kb max_used=12549Kb free=233223Kb
 bounds [0x00000000028c0000, 0x0000000003510000, 0x00000000118c0000]
 total_blobs=4402 nmethods=3641 adapters=672
 compilation: enabled

Compilation events (10 events):
Event: 13.908 Thread 0x0000000013d21000 4070       3       sun.security.util.SignatureFileVerifier::matches (93 bytes)
Event: 13.909 Thread 0x0000000013d21000 nmethod 4070 0x00000000035050d0 code [0x0000000003505340, 0x0000000003506478]
Event: 13.909 Thread 0x0000000013d21000 4071       3       java.security.Provider::checkInitialized (16 bytes)
Event: 13.910 Thread 0x0000000013d21000 nmethod 4071 0x00000000034ffb10 code [0x00000000034ffc80, 0x00000000034ffec8]
Event: 13.910 Thread 0x0000000013ce9800 nmethod 4068% 0x0000000003502790 code [0x00000000035028e0, 0x0000000003503118]
Event: 13.910 Thread 0x0000000013d21000 4072       3       java.security.Provider$ServiceKey::<init> (8 bytes)
Event: 13.910 Thread 0x0000000013d21000 nmethod 4072 0x00000000034ff750 code [0x00000000034ff8c0, 0x00000000034ffa48]
Event: 13.910 Thread 0x0000000013d21000 4073       3       java.security.Provider$ServiceKey::<init> (39 bytes)
Event: 13.910 Thread 0x0000000013d21000 nmethod 4073 0x0000000003509b50 code [0x0000000003509ce0, 0x000000000350a0b8]
Event: 13.915 Thread 0x0000000013ce9800 4074       4       sun.security.provider.SHA2::implCompress (331 bytes)

GC Heap History (10 events):
Event: 6.941 GC heap before
{Heap before GC invocations=6 (full 1):
 PSYoungGen      total 76288K, used 65536K [0x00000000f5580000, 0x00000000fea80000, 0x0000000100000000)
  eden space 65536K, 100% used [0x00000000f5580000,0x00000000f9580000,0x00000000f9580000)
  from space 10752K, 0% used [0x00000000fa000000,0x00000000fa000000,0x00000000faa80000)
  to   space 10752K, 0% used [0x00000000f9580000,0x00000000f9580000,0x00000000fa000000)
 ParOldGen       total 175104K, used 7046K [0x00000000e0000000, 0x00000000eab00000, 0x00000000f5580000)
  object space 175104K, 4% used [0x00000000e0000000,0x00000000e06e1850,0x00000000eab00000)
 Metaspace       used 29156K, capacity 29918K, committed 30080K, reserved 1075200K
  class space    used 3993K, capacity 4201K, committed 4224K, reserved 1048576K
Event: 6.953 GC heap after
Heap after GC invocations=6 (full 1):
 PSYoungGen      total 76288K, used 8323K [0x00000000f5580000, 0x00000000fd780000, 0x0000000100000000)
  eden space 65536K, 0% used [0x00000000f5580000,0x00000000f5580000,0x00000000f9580000)
  from space 10752K, 77% used [0x00000000f9580000,0x00000000f9da0c18,0x00000000fa000000)
  to   space 11776K, 0% used [0x00000000fcc00000,0x00000000fcc00000,0x00000000fd780000)
 ParOldGen       total 175104K, used 7054K [0x00000000e0000000, 0x00000000eab00000, 0x00000000f5580000)
  object space 175104K, 4% used [0x00000000e0000000,0x00000000e06e3850,0x00000000eab00000)
 Metaspace       used 29156K, capacity 29918K, committed 30080K, reserved 1075200K
  class space    used 3993K, capacity 4201K, committed 4224K, reserved 1048576K
}
Event: 10.675 GC heap before
{Heap before GC invocations=7 (full 1):
 PSYoungGen      total 76288K, used 73859K [0x00000000f5580000, 0x00000000fd780000, 0x0000000100000000)
  eden space 65536K, 100% used [0x00000000f5580000,0x00000000f9580000,0x00000000f9580000)
  from space 10752K, 77% used [0x00000000f9580000,0x00000000f9da0c18,0x00000000fa000000)
  to   space 11776K, 0% used [0x00000000fcc00000,0x00000000fcc00000,0x00000000fd780000)
 ParOldGen       total 175104K, used 7054K [0x00000000e0000000, 0x00000000eab00000, 0x00000000f5580000)
  object space 175104K, 4% used [0x00000000e0000000,0x00000000e06e3850,0x00000000eab00000)
 Metaspace       used 32086K, capacity 32928K, committed 33152K, reserved 1077248K
  class space    used 4490K, capacity 4723K, committed 4736K, reserved 1048576K
Event: 10.695 GC heap after
Heap after GC invocations=7 (full 1):
 PSYoungGen      total 116736K, used 9986K [0x00000000f5580000, 0x00000000fd600000, 0x0000000100000000)
  eden space 106496K, 0% used [0x00000000f5580000,0x00000000f5580000,0x00000000fbd80000)
  from space 10240K, 97% used [0x00000000fcc00000,0x00000000fd5c0920,0x00000000fd600000)
  to   space 12288K, 0% used [0x00000000fbe00000,0x00000000fbe00000,0x00000000fca00000)
 ParOldGen       total 175104K, used 7054K [0x00000000e0000000, 0x00000000eab00000, 0x00000000f5580000)
  object space 175104K, 4% used [0x00000000e0000000,0x00000000e06e3850,0x00000000eab00000)
 Metaspace       used 32086K, capacity 32928K, committed 33152K, reserved 1077248K
  class space    used 4490K, capacity 4723K, committed 4736K, reserved 1048576K
}
Event: 11.153 GC heap before
{Heap before GC invocations=8 (full 1):
 PSYoungGen      total 116736K, used 54013K [0x00000000f5580000, 0x00000000fd600000, 0x0000000100000000)
  eden space 106496K, 41% used [0x00000000f5580000,0x00000000f807eb00,0x00000000fbd80000)
  from space 10240K, 97% used [0x00000000fcc00000,0x00000000fd5c0920,0x00000000fd600000)
  to   space 12288K, 0% used [0x00000000fbe00000,0x00000000fbe00000,0x00000000fca00000)
 ParOldGen       total 175104K, used 7054K [0x00000000e0000000, 0x00000000eab00000, 0x00000000f5580000)
  object space 175104K, 4% used [0x00000000e0000000,0x00000000e06e3850,0x00000000eab00000)
 Metaspace       used 34198K, capacity 35282K, committed 35456K, reserved 1079296K
  class space    used 4818K, capacity 5128K, committed 5248K, reserved 1048576K
Event: 11.162 GC heap after
Heap after GC invocations=8 (full 1):
 PSYoungGen      total 119296K, used 10390K [0x00000000f5580000, 0x0000000100000000, 0x0000000100000000)
  eden space 107008K, 0% used [0x00000000f5580000,0x00000000f5580000,0x00000000fbe00000)
  from space 12288K, 84% used [0x00000000fbe00000,0x00000000fc825888,0x00000000fca00000)
  to   space 12800K, 0% used [0x00000000ff380000,0x00000000ff380000,0x0000000100000000)
 ParOldGen       total 175104K, used 7062K [0x00000000e0000000, 0x00000000eab00000, 0x00000000f5580000)
  object space 175104K, 4% used [0x00000000e0000000,0x00000000e06e5850,0x00000000eab00000)
 Metaspace       used 34198K, capacity 35282K, committed 35456K, reserved 1079296K
  class space    used 4818K, capacity 5128K, committed 5248K, reserved 1048576K
}
Event: 11.162 GC heap before
{Heap before GC invocations=9 (full 2):
 PSYoungGen      total 119296K, used 10390K [0x00000000f5580000, 0x0000000100000000, 0x0000000100000000)
  eden space 107008K, 0% used [0x00000000f5580000,0x00000000f5580000,0x00000000fbe00000)
  from space 12288K, 84% used [0x00000000fbe00000,0x00000000fc825888,0x00000000fca00000)
  to   space 12800K, 0% used [0x00000000ff380000,0x00000000ff380000,0x0000000100000000)
 ParOldGen       total 175104K, used 7062K [0x00000000e0000000, 0x00000000eab00000, 0x00000000f5580000)
  object space 175104K, 4% used [0x00000000e0000000,0x00000000e06e5850,0x00000000eab00000)
 Metaspace       used 34198K, capacity 35282K, committed 35456K, reserved 1079296K
  class space    used 4818K, capacity 5128K, committed 5248K, reserved 1048576K
Event: 11.210 GC heap after
Heap after GC invocations=9 (full 2):
 PSYoungGen      total 119296K, used 0K [0x00000000f5580000, 0x0000000100000000, 0x0000000100000000)
  eden space 107008K, 0% used [0x00000000f5580000,0x00000000f5580000,0x00000000fbe00000)
  from space 12288K, 0% used [0x00000000fbe00000,0x00000000fbe00000,0x00000000fca00000)
  to   space 12800K, 0% used [0x00000000ff380000,0x00000000ff380000,0x0000000100000000)
 ParOldGen       total 175104K, used 16751K [0x00000000e0000000, 0x00000000eab00000, 0x00000000f5580000)
  object space 175104K, 9% used [0x00000000e0000000,0x00000000e105bdf8,0x00000000eab00000)
 Metaspace       used 34198K, capacity 35282K, committed 35456K, reserved 1079296K
  class space    used 4818K, capacity 5128K, committed 5248K, reserved 1048576K
}
Event: 13.737 GC heap before
{Heap before GC invocations=10 (full 2):
 PSYoungGen      total 119296K, used 107008K [0x00000000f5580000, 0x0000000100000000, 0x0000000100000000)
  eden space 107008K, 100% used [0x00000000f5580000,0x00000000fbe00000,0x00000000fbe00000)
  from space 12288K, 0% used [0x00000000fbe00000,0x00000000fbe00000,0x00000000fca00000)
  to   space 12800K, 0% used [0x00000000ff380000,0x00000000ff380000,0x0000000100000000)
 ParOldGen       total 175104K, used 16751K [0x00000000e0000000, 0x00000000eab00000, 0x00000000f5580000)
  object space 175104K, 9% used [0x00000000e0000000,0x00000000e105bdf8,0x00000000eab00000)
 Metaspace       used 43114K, capacity 44810K, committed 45184K, reserved 1087488K
  class space    used 5996K, capacity 6402K, committed 6528K, reserved 1048576K
Event: 13.751 GC heap after
Heap after GC invocations=10 (full 2):
 PSYoungGen      total 159744K, used 12050K [0x00000000f5580000, 0x0000000100000000, 0x0000000100000000)
  eden space 146944K, 0% used [0x00000000f5580000,0x00000000f5580000,0x00000000fe500000)
  from space 12800K, 94% used [0x00000000ff380000,0x00000000fff44a10,0x0000000100000000)
  to   space 13824K, 0% used [0x00000000fe500000,0x00000000fe500000,0x00000000ff280000)
 ParOldGen       total 175104K, used 16759K [0x00000000e0000000, 0x00000000eab00000, 0x00000000f5580000)
  object space 175104K, 9% used [0x00000000e0000000,0x00000000e105ddf8,0x00000000eab00000)
 Metaspace       used 43114K, capacity 44810K, committed 45184K, reserved 1087488K
  class space    used 5996K, capacity 6402K, committed 6528K, reserved 1048576K
}

Deoptimization events (10 events):
Event: 13.757 Thread 0x0000000017842800 Uncommon trap: reason=unstable_if action=reinterpret pc=0x0000000002ea9378 method=java.lang.ThreadLocal.get()Ljava/lang/Object; @ 11
Event: 13.844 Thread 0x0000000017842800 Uncommon trap: reason=unstable_if action=reinterpret pc=0x0000000002dba2fc method=java.lang.CharacterDataLatin1.isWhitespace(I)Z @ 14
Event: 13.908 Thread 0x0000000017842800 Uncommon trap: reason=unstable_if action=reinterpret pc=0x0000000002c992ec method=java.util.jar.JarFile.maybeInstantiateVerifier()V @ 4
Event: 13.911 Thread 0x0000000017842800 Uncommon trap: reason=unstable_if action=reinterpret pc=0x0000000002ad4314 method=java.util.jar.JarFile.maybeInstantiateVerifier()V @ 4
Event: 13.911 Thread 0x0000000017842800 Uncommon trap: reason=unstable_if action=reinterpret pc=0x00000000033ea170 method=java.security.CodeSource.<init>(Ljava/net/URL;[Ljava/security/CodeSigner;)V @ 25
Event: 13.913 Thread 0x0000000017842800 Uncommon trap: reason=unstable_if action=reinterpret pc=0x0000000002ea43ac method=java.security.CodeSource.getCertificates()[Ljava/security/cert/Certificate; @ 22
Event: 13.914 Thread 0x0000000017842800 Uncommon trap: reason=unstable_if action=reinterpret pc=0x0000000002e90cd4 method=java.util.jar.JarFile.maybeInstantiateVerifier()V @ 4
Event: 13.914 Thread 0x0000000017842800 Uncommon trap: reason=unstable_if action=reinterpret pc=0x00000000033f0a68 method=java.util.jar.JarFile.maybeInstantiateVerifier()V @ 4
Event: 13.915 Thread 0x0000000017842800 Uncommon trap: reason=unstable_if action=reinterpret pc=0x0000000002df7770 method=java.util.jar.JarFile.maybeInstantiateVerifier()V @ 4
Event: 13.916 Thread 0x0000000017842800 Uncommon trap: reason=unstable_if action=reinterpret pc=0x000000000341c648 method=java.security.CodeSource.matchCerts(Ljava/security/CodeSource;Z)Z @ 11

Classes redefined (0 events):
No events

Internal exceptions (10 events):
Event: 12.376 Thread 0x0000000017842800 Exception <a 'java/lang/ClassNotFoundException': org/gradle/api/internal/artifacts/repositories/AbstractArtifactRepositoryCustomizer> (0x00000000f822e988) thrown at [C:\re\workspace\8-2-build-windows-amd64-cygwin\jdk8u221\13320\hotspot\src\share\vm\classf
Event: 12.379 Thread 0x0000000017842800 Exception <a 'java/lang/ClassNotFoundException': org/gradle/api/internal/artifacts/repositories/AbstractResolutionAwareArtifactRepositoryCustomizer> (0x00000000f82ca8a8) thrown at [C:\re\workspace\8-2-build-windows-amd64-cygwin\jdk8u221\13320\hotspot\src\
Event: 12.381 Thread 0x0000000017842800 Exception <a 'java/lang/ClassNotFoundException': org/gradle/api/internal/artifacts/repositories/AbstractAuthenticationSupportedRepositoryCustomizer> (0x00000000f834d758) thrown at [C:\re\workspace\8-2-build-windows-amd64-cygwin\jdk8u221\13320\hotspot\src\
Event: 12.383 Thread 0x0000000017842800 Exception <a 'java/lang/ClassNotFoundException': org/gradle/api/internal/artifacts/repositories/DefaultMavenArtifactRepositoryCustomizer> (0x00000000f83d2c78) thrown at [C:\re\workspace\8-2-build-windows-amd64-cygwin\jdk8u221\13320\hotspot\src\share\vm\cl
Event: 12.384 Thread 0x0000000017842800 Exception <a 'java/lang/ClassNotFoundException': org/gradle/api/internal/artifacts/repositories/DefaultMavenArtifactRepository_DecoratedCustomizer> (0x00000000f8469280) thrown at [C:\re\workspace\8-2-build-windows-amd64-cygwin\jdk8u221\13320\hotspot\src\s
Event: 12.438 Thread 0x0000000017842800 Exception <a 'java/lang/ClassNotFoundException': build_1j7b793xfmkeeald0yud576qnBeanInfo> (0x00000000f8616d48) thrown at [C:\re\workspace\8-2-build-windows-amd64-cygwin\jdk8u221\13320\hotspot\src\share\vm\classfile\systemDictionary.cpp, line 210]
Event: 12.438 Thread 0x0000000017842800 Exception <a 'java/lang/ClassNotFoundException': build_1j7b793xfmkeeald0yud576qnCustomizer> (0x00000000f8624008) thrown at [C:\re\workspace\8-2-build-windows-amd64-cygwin\jdk8u221\13320\hotspot\src\share\vm\classfile\systemDictionary.cpp, line 210]
Event: 13.000 Thread 0x0000000017842800 Implicit null exception at 0x000000000340b28a to 0x000000000340ef19
Event: 13.001 Thread 0x0000000017842800 Implicit null exception at 0x00000000033d9195 to 0x00000000033d947d
Event: 13.757 Thread 0x0000000017842800 Implicit null exception at 0x0000000002ea8e08 to 0x0000000002ea9361

Events (10 events):
Event: 13.915 Thread 0x0000000017842800 Uncommon trap: trap_request=0xffffff65 fr.pc=0x0000000002df7770
Event: 13.915 Thread 0x0000000017842800 DEOPT PACKING pc=0x0000000002df7770 sp=0x00000000193851c0
Event: 13.915 Thread 0x0000000017842800 DEOPT UNPACKING pc=0x000000000290583b sp=0x0000000019385158 mode 2
Event: 13.915 Thread 0x0000000017842800 Uncommon trap: trap_request=0xffffff65 fr.pc=0x000000000341c648
Event: 13.915 Executing VM operation: RevokeBias
Event: 13.915 Executing VM operation: RevokeBias done
Event: 13.916 Thread 0x0000000017842800 DEOPT PACKING pc=0x000000000341c648 sp=0x0000000019385100
Event: 13.916 Thread 0x0000000017842800 DEOPT UNPACKING pc=0x000000000290583b sp=0x0000000019384f68 mode 2
Event: 13.916 loading class org/bouncycastle/jce/provider/BouncyCastleProvider
Event: 13.916 loading class org/bouncycastle/jce/provider/BouncyCastleProvider done


Dynamic libraries:
0x00007ff642030000 - 0x00007ff642067000 	C:\Program Files\Java\jdk1.8.0_221\bin\java.exe
0x00007fff7c500000 - 0x00007fff7c6f0000 	C:\WINDOWS\SYSTEM32\ntdll.dll
0x00007fff7c180000 - 0x00007fff7c232000 	C:\WINDOWS\System32\KERNEL32.DLL
0x00007fff79830000 - 0x00007fff79ad3000 	C:\WINDOWS\System32\KERNELBASE.dll
0x00007fff7a7a0000 - 0x00007fff7a843000 	C:\WINDOWS\System32\ADVAPI32.dll
0x00007fff7c310000 - 0x00007fff7c3ae000 	C:\WINDOWS\System32\msvcrt.dll
0x00007fff7a990000 - 0x00007fff7aa27000 	C:\WINDOWS\System32\sechost.dll
0x00007fff7bd40000 - 0x00007fff7be60000 	C:\WINDOWS\System32\RPCRT4.dll
0x00007fff7bab0000 - 0x00007fff7bc44000 	C:\WINDOWS\System32\USER32.dll
0x00007fff79d60000 - 0x00007fff79d81000 	C:\WINDOWS\System32\win32u.dll
0x00007fff7c150000 - 0x00007fff7c176000 	C:\WINDOWS\System32\GDI32.dll
0x00007fff79590000 - 0x00007fff79724000 	C:\WINDOWS\System32\gdi32full.dll
0x00007fff7a510000 - 0x00007fff7a5ae000 	C:\WINDOWS\System32\msvcp_win.dll
0x00007fff79ae0000 - 0x00007fff79bda000 	C:\WINDOWS\System32\ucrtbase.dll
0x00007fff6cf10000 - 0x00007fff6d195000 	C:\WINDOWS\WinSxS\amd64_microsoft.windows.common-controls_6595b64144ccf1df_6.0.18362.418_none_e6c6b287130d565d\COMCTL32.dll
0x00007fff7b280000 - 0x00007fff7b5b6000 	C:\WINDOWS\System32\combase.dll
0x00007fff79790000 - 0x00007fff79810000 	C:\WINDOWS\System32\bcryptPrimitives.dll
0x00007fff7bcb0000 - 0x00007fff7bcde000 	C:\WINDOWS\System32\IMM32.DLL
0x0000000056860000 - 0x0000000056932000 	C:\Program Files\Java\jdk1.8.0_221\jre\bin\msvcr100.dll
0x0000000052cf0000 - 0x0000000053595000 	C:\Program Files\Java\jdk1.8.0_221\jre\bin\server\jvm.dll
0x00007fff7c420000 - 0x00007fff7c428000 	C:\WINDOWS\System32\PSAPI.DLL
0x00007fff77410000 - 0x00007fff77434000 	C:\WINDOWS\SYSTEM32\WINMM.dll
0x00007fff74d00000 - 0x00007fff74d0a000 	C:\WINDOWS\SYSTEM32\VERSION.dll
0x00007fff75cc0000 - 0x00007fff75cc9000 	C:\WINDOWS\SYSTEM32\WSOCK32.dll
0x00007fff7c3b0000 - 0x00007fff7c41f000 	C:\WINDOWS\System32\WS2_32.dll
0x00007fff773e0000 - 0x00007fff7740d000 	C:\WINDOWS\SYSTEM32\winmmbase.dll
0x00007fff79540000 - 0x00007fff7958a000 	C:\WINDOWS\System32\cfgmgr32.dll
0x00007fff74550000 - 0x00007fff7455f000 	C:\Program Files\Java\jdk1.8.0_221\jre\bin\verify.dll
0x00007fff559c0000 - 0x00007fff559e9000 	C:\Program Files\Java\jdk1.8.0_221\jre\bin\java.dll
0x00007fff55960000 - 0x00007fff55976000 	C:\Program Files\Java\jdk1.8.0_221\jre\bin\zip.dll
0x00007fff7ab90000 - 0x00007fff7b275000 	C:\WINDOWS\System32\SHELL32.dll
0x00007fff7a6f0000 - 0x00007fff7a799000 	C:\WINDOWS\System32\shcore.dll
0x00007fff79d90000 - 0x00007fff7a50f000 	C:\WINDOWS\System32\windows.storage.dll
0x00007fff79470000 - 0x00007fff7948f000 	C:\WINDOWS\System32\profapi.dll
0x00007fff79400000 - 0x00007fff7944a000 	C:\WINDOWS\System32\powrprof.dll
0x00007fff793d0000 - 0x00007fff793e0000 	C:\WINDOWS\System32\UMPDC.dll
0x00007fff7c020000 - 0x00007fff7c072000 	C:\WINDOWS\System32\shlwapi.dll
0x00007fff79450000 - 0x00007fff79461000 	C:\WINDOWS\System32\kernel.appcore.dll
0x00007fff79810000 - 0x00007fff79827000 	C:\WINDOWS\System32\cryptsp.dll
0x00007fff55940000 - 0x00007fff5595a000 	C:\Program Files\Java\jdk1.8.0_221\jre\bin\net.dll
0x00007fff6fec0000 - 0x00007fff70096000 	C:\WINDOWS\SYSTEM32\urlmon.dll
0x00007fff6d530000 - 0x00007fff6d7d6000 	C:\WINDOWS\SYSTEM32\iertutil.dll
0x00007fff78d70000 - 0x00007fff78d7c000 	C:\WINDOWS\SYSTEM32\CRYPTBASE.DLL
0x00007fff78bf0000 - 0x00007fff78c57000 	C:\WINDOWS\system32\mswsock.dll
0x00007fff55920000 - 0x00007fff55932000 	C:\Program Files\Java\jdk1.8.0_221\jre\bin\nio.dll
0x00007fff558d0000 - 0x00007fff558fa000 	C:\Users\alexm\.gradle\native\36\windows-amd64\native-platform.dll
0x00007fff74500000 - 0x00007fff7450d000 	C:\Program Files\Java\jdk1.8.0_221\jre\bin\management.dll
0x00007fff78710000 - 0x00007fff78743000 	C:\WINDOWS\system32\rsaenh.dll
0x00007fff79d30000 - 0x00007fff79d56000 	C:\WINDOWS\System32\bcrypt.dll
0x00007fff792f0000 - 0x00007fff79315000 	C:\WINDOWS\SYSTEM32\USERENV.dll
0x00007fff78910000 - 0x00007fff7894a000 	C:\WINDOWS\SYSTEM32\IPHLPAPI.DLL
0x00007fff7c4b0000 - 0x00007fff7c4b8000 	C:\WINDOWS\System32\NSI.dll
0x00007fff73900000 - 0x00007fff73916000 	C:\WINDOWS\SYSTEM32\dhcpcsvc6.DLL
0x00007fff73870000 - 0x00007fff7388c000 	C:\WINDOWS\SYSTEM32\dhcpcsvc.DLL
0x00007fff78950000 - 0x00007fff78a1a000 	C:\WINDOWS\SYSTEM32\DNSAPI.dll
0x00007fff675c0000 - 0x00007fff677b4000 	C:\WINDOWS\SYSTEM32\dbghelp.dll

VM Arguments:
jvm_args: -XX:MaxMetaspaceSize=256m -XX:+HeapDumpOnOutOfMemoryError -Xms256m -Xmx512m -Dfile.encoding=windows-1252 -Duser.country=BR -Duser.language=pt -Duser.variant 
java_command: org.gradle.launcher.daemon.bootstrap.GradleDaemon 6.2
java_class_path (initial): C:\Users\alexm\.gradle\wrapper\dists\gradle-6.2-all\dvufqs6kielxeao781pmk5huj\gradle-6.2\lib\gradle-launcher-6.2.jar
Launcher Type: SUN_STANDARD

Environment Variables:
JAVA_HOME=C:\Program Files\Java\jdk1.8.0_221
CLASSPATH=C:\Users\alexm\Desktop\repos\GoStack\gobarberapp\android\\gradle\wrapper\gradle-wrapper.jar
USERNAME=alexm
OS=Windows_NT
PROCESSOR_IDENTIFIER=Intel64 Family 6 Model 58 Stepping 9, GenuineIntel



---------------  S Y S T E M  ---------------

OS: Windows 10.0 , 64 bit Build 18362 (10.0.18362.329)

CPU:total 4 (initial active 4) (4 cores per cpu, 1 threads per core) family 6 model 58 stepping 9, cmov, cx8, fxsr, mmx, sse, sse2, sse3, ssse3, sse4.1, sse4.2, popcnt, avx, aes, clmul, erms, tsc, tscinvbit, tscinv

Memory: 4k page, physical 12467252k(1321384k free), swap 24001588k(5336028k free)

vm_info: Java HotSpot(TM) 64-Bit Server VM (25.221-b11) for windows-amd64 JRE (1.8.0_221-b11), built on Jul  4 2019 04:39:29 by "java_re" with MS VC++ 10.0 (VS2010)

time: Thu Jul 23 00:09:01 2020
timezone: Hora oficial do Brasil
elapsed time: 13 seconds (0d 0h 0m 13s)

